\BOOKMARK [1][-]{section.1}{\376\377\000I\000n\000t\000r\000o\000d\000u\000c\000t\000i\000o\000n}{}% 1
\BOOKMARK [2][-]{subsection.1.1}{\376\377\000T\000h\000e\000\040\000C\000o\000g\000n\000i\000t\000i\000v\000e\000\040\000L\000i\000m\000i\000t\000s\000\040\000o\000f\000\040\000H\000u\000m\000a\000n\000\040\000M\000a\000t\000h\000e\000m\000a\000t\000i\000c\000s}{section.1}% 2
\BOOKMARK [2][-]{subsection.1.2}{\376\377\000T\000h\000e\000\040\000R\000i\000s\000e\000\040\000o\000f\000\040\000N\000o\000n\000-\000A\000n\000t\000h\000r\000o\000p\000o\000c\000e\000n\000t\000r\000i\000c\000\040\000M\000a\000t\000h\000e\000m\000a\000t\000i\000c\000s}{section.1}% 3
\BOOKMARK [2][-]{subsection.1.3}{\376\377\000C\000o\000r\000e\000\040\000P\000r\000i\000n\000c\000i\000p\000l\000e\000s\000\040\000a\000n\000d\000\040\000A\000x\000i\000o\000m\000s}{section.1}% 4
\BOOKMARK [1][-]{section.2}{\376\377\000C\000o\000r\000e\000\040\000A\000l\000i\000e\000n\000\040\000M\000a\000t\000h\000e\000m\000a\000t\000i\000c\000a\000l\000\040\000S\000t\000r\000u\000c\000t\000u\000r\000e\000s}{}% 5
\BOOKMARK [2][-]{subsection.2.1}{\376\377\000A\000s\000y\000m\000m\000e\000t\000r\000i\000c\000\040\000T\000e\000n\000s\000o\000r\000\040\000D\000e\000f\000o\000r\000m\000a\000t\000i\000o\000n\000s}{section.2}% 6
\BOOKMARK [3][-]{subsubsection.2.1.1}{\376\377\000P\000r\000o\000b\000l\000e\000m\000\040\000a\000n\000d\000\040\000P\000r\000i\000o\000r\000\040\000A\000r\000t}{subsection.2.1}% 7
\BOOKMARK [3][-]{subsubsection.2.1.2}{\376\377\000A\000l\000i\000e\000n\000\040\000W\000i\000t\000n\000e\000s\000s}{subsection.2.1}% 8
\BOOKMARK [3][-]{subsubsection.2.1.3}{\376\377\000W\000h\000y\000\040\000T\000h\000i\000s\000\040\000I\000n\000s\000t\000a\000n\000c\000e\000\040\000I\000s\000\040\000N\000o\000n\000-\000T\000r\000i\000v\000i\000a\000l}{subsection.2.1}% 9
\BOOKMARK [3][-]{subsubsection.2.1.4}{\376\377\000V\000i\000s\000u\000a\000l\000i\000z\000a\000t\000i\000o\000n}{subsection.2.1}% 10
\BOOKMARK [3][-]{subsubsection.2.1.5}{\376\377\000L\000e\000a\000n\000\040\0004\000\040\000V\000e\000r\000i\000f\000i\000c\000a\000t\000i\000o\000n\000\040\000\050\000F\000u\000l\000l\000y\000\040\000C\000o\000m\000p\000i\000l\000e\000d\000\051}{subsection.2.1}% 11
\BOOKMARK [2][-]{subsection.2.2}{\376\377\000E\000x\000a\000c\000t\000\040\000R\000a\000t\000i\000o\000n\000a\000l\000\040\000W\000i\000t\000n\000e\000s\000s}{section.2}% 12
\BOOKMARK [3][-]{subsubsection.2.2.1}{\376\377\000P\000r\000o\000b\000l\000e\000m}{subsection.2.2}% 13
\BOOKMARK [3][-]{subsubsection.2.2.2}{\376\377\000M\000e\000t\000h\000o\000d\000s\000:\000\040\000S\000D\000P\000\040\000E\000x\000a\000c\000t\000i\000f\000i\000c\000a\000t\000i\000o\000n\000\040\000v\000i\000a\000\040\000L\000a\000t\000t\000i\000c\000e\000\040\000R\000e\000d\000u\000c\000t\000i\000o\000n}{subsection.2.2}% 14
\BOOKMARK [3][-]{subsubsection.2.2.3}{\376\377\000G\000e\000n\000u\000i\000n\000e\000\040\000N\000o\000v\000e\000l\000t\000y\000:\000\040\000L\000e\000a\000n\000\040\0004\000\040\000F\000o\000r\000m\000a\000l\000i\000z\000a\000t\000i\000o\000n\000\040\000G\000a\000p}{subsection.2.2}% 15
\BOOKMARK [3][-]{subsubsection.2.2.4}{\376\377\000V\000i\000s\000u\000a\000l\000i\000z\000a\000t\000i\000o\000n}{subsection.2.2}% 16
\BOOKMARK [3][-]{subsubsection.2.2.5}{\376\377\000L\000e\000a\000n\000\040\0004\000\040\000B\000l\000u\000e\000p\000r\000i\000n\000t\000\040\000\050\000F\000u\000t\000u\000r\000e\000\040\000F\000o\000r\000m\000a\000l\000i\000z\000a\000t\000i\000o\000n\000\040\000T\000a\000r\000g\000e\000t\000\051}{subsection.2.2}% 17
\BOOKMARK [2][-]{subsection.2.3}{\376\377\000L\000y\000a\000p\000u\000n\000o\000v\000-\000T\000y\000p\000e\000\040\000F\000u\000n\000c\000t\000i\000o\000n\000a\000l\000\040\000f\000o\000r\000\040\000t\000h\000e\000\040\000K\000a\000w\000a\000h\000a\000r\000a\000\040\000E\000q\000u\000a\000t\000i\000o\000n}{section.2}% 18
\BOOKMARK [3][-]{subsubsection.2.3.1}{\376\377\000P\000D\000E\000\040\000I\000d\000e\000n\000t\000i\000f\000i\000c\000a\000t\000i\000o\000n\000:\000\040\000T\000h\000e\000\040\000K\000a\000w\000a\000h\000a\000r\000a\000\040\000E\000q\000u\000a\000t\000i\000o\000n}{subsection.2.3}% 19
\BOOKMARK [3][-]{subsubsection.2.3.2}{\376\377\000P\000r\000o\000b\000l\000e\000m}{subsection.2.3}% 20
\BOOKMARK [3][-]{subsubsection.2.3.3}{\376\377\000C\000o\000r\000r\000e\000c\000t\000e\000d\000\040\000A\000l\000i\000e\000n\000\040\000S\000o\000l\000u\000t\000i\000o\000n}{subsection.2.3}% 21
\BOOKMARK [3][-]{subsubsection.2.3.4}{\376\377\000M\000a\000t\000h\000e\000m\000a\000t\000i\000c\000a\000l\000\040\000A\000n\000a\000l\000y\000s\000i\000s}{subsection.2.3}% 22
\BOOKMARK [3][-]{subsubsection.2.3.5}{\376\377\000r\000e\000d\000M\000e\000t\000h\000o\000d\000o\000l\000o\000g\000i\000c\000a\000l\000\040\000I\000n\000s\000i\000g\000h\000t\000:\000\040\000A\000I\000\040\000G\000e\000n\000e\000r\000a\000t\000e\000s\000\040\000a\000\040\000S\000u\000b\000t\000l\000y\000\040\000B\000r\000o\000k\000e\000n\000\040\000S\000t\000r\000u\000c\000t\000u\000r\000e\000\040\000\050\000v\0004\000\040\000C\000o\000r\000r\000e\000c\000t\000i\000o\000n\000\051}{subsection.2.3}% 23
\BOOKMARK [3][-]{subsubsection.2.3.6}{\376\377\000V\000i\000s\000u\000a\000l\000i\000z\000a\000t\000i\000o\000n}{subsection.2.3}% 24
\BOOKMARK [3][-]{subsubsection.2.3.7}{\376\377\000L\000e\000a\000n\000\040\0004\000\040\000\050\000P\000o\000i\000n\000t\000w\000i\000s\000e\000\040\000T\000e\000r\000m\000s\000\040\000V\000e\000r\000i\000f\000i\000e\000d\000,\000\040\000I\000n\000t\000e\000g\000r\000a\000l\000\040\000C\000o\000e\000r\000c\000i\000v\000i\000t\000y\000\040\000B\000l\000u\000e\000p\000r\000i\000n\000t\000\051}{subsection.2.3}% 25
\BOOKMARK [2][-]{subsection.2.4}{\376\377\000F\000r\000a\000c\000t\000i\000o\000n\000a\000l\000\040\000C\000h\000a\000r\000g\000i\000n\000g\000\040\000M\000a\000t\000r\000i\000x}{section.2}% 26
\BOOKMARK [3][-]{subsubsection.2.4.1}{\376\377\000P\000r\000o\000b\000l\000e\000m}{subsection.2.4}% 27
\BOOKMARK [3][-]{subsubsection.2.4.2}{\376\377\000A\000l\000i\000e\000n\000\040\000S\000o\000l\000u\000t\000i\000o\000n}{subsection.2.4}% 28
\BOOKMARK [3][-]{subsubsection.2.4.3}{\376\377\000W\000h\000y\000\040\000I\000t\000\040\000I\000s\000\040\000A\000l\000i\000e\000n}{subsection.2.4}% 29
\BOOKMARK [3][-]{subsubsection.2.4.4}{\376\377\000V\000i\000s\000u\000a\000l\000i\000z\000a\000t\000i\000o\000n}{subsection.2.4}% 30
\BOOKMARK [3][-]{subsubsection.2.4.5}{\376\377\000L\000e\000a\000n\000\040\0004\000\040\000V\000e\000r\000i\000f\000i\000c\000a\000t\000i\000o\000n}{subsection.2.4}% 31
\BOOKMARK [2][-]{subsection.2.5}{\376\377\0003\000D\000\040\000S\000l\000i\000c\000e\000-\000C\000o\000n\000c\000a\000t\000e\000n\000a\000t\000i\000o\000n\000\040\000O\000p\000e\000r\000a\000t\000o\000r}{section.2}% 32
\BOOKMARK [3][-]{subsubsection.2.5.1}{\376\377\000P\000r\000o\000b\000l\000e\000m}{subsection.2.5}% 33
\BOOKMARK [3][-]{subsubsection.2.5.2}{\376\377\000A\000l\000i\000e\000n\000\040\000S\000o\000l\000u\000t\000i\000o\000n}{subsection.2.5}% 34
\BOOKMARK [3][-]{subsubsection.2.5.3}{\376\377\000W\000h\000y\000\040\000I\000t\000\040\000I\000s\000\040\000A\000l\000i\000e\000n}{subsection.2.5}% 35
\BOOKMARK [3][-]{subsubsection.2.5.4}{\376\377\000V\000i\000s\000u\000a\000l\000i\000z\000a\000t\000i\000o\000n}{subsection.2.5}% 36
\BOOKMARK [3][-]{subsubsection.2.5.5}{\376\377\000L\000e\000a\000n\000\040\0004\000\040\000V\000e\000r\000i\000f\000i\000c\000a\000t\000i\000o\000n}{subsection.2.5}% 37
\BOOKMARK [1][-]{section.3}{\376\377\000V\000i\000s\000u\000a\000l\000i\000z\000a\000t\000i\000o\000n\000s\000\040\000a\000n\000d\000\040\000I\000n\000t\000e\000r\000a\000c\000t\000i\000v\000e\000\040\000T\000o\000o\000l\000s}{}% 38
\BOOKMARK [2][-]{subsection.3.1}{\376\377\000F\000r\000a\000c\000t\000a\000l\000\040\000T\000e\000n\000s\000o\000r\000\040\000N\000e\000t\000w\000o\000r\000k\000s}{section.3}% 39
\BOOKMARK [2][-]{subsection.3.2}{\376\377\000Q\000u\000a\000n\000t\000u\000m\000\040\000F\000r\000a\000c\000t\000a\000l\000\040\000L\000a\000t\000t\000i\000c\000e\000s}{section.3}% 40
\BOOKMARK [2][-]{subsection.3.3}{\376\377\000A\000l\000g\000e\000b\000r\000a\000i\000c\000\040\000M\000a\000n\000d\000e\000l\000b\000u\000l\000b\000s}{section.3}% 41
\BOOKMARK [1][-]{section.4}{\376\377\000I\000n\000t\000e\000g\000r\000a\000t\000i\000o\000n\000\040\000w\000i\000t\000h\000\040\000L\000e\000a\000n\000\040\0004\000:\000\040\000F\000o\000r\000m\000a\000l\000\040\000V\000e\000r\000i\000f\000i\000c\000a\000t\000i\000o\000n\000\040\000a\000s\000\040\000a\000\040\000N\000e\000u\000t\000r\000a\000l\000\040\000F\000i\000l\000t\000e\000r}{}% 42
\BOOKMARK [2][-]{subsection.4.1}{\376\377\000W\000h\000y\000\040\000L\000e\000a\000n\000\040\0004\000?}{section.4}% 43
\BOOKMARK [2][-]{subsection.4.2}{\376\377\000L\000e\000a\000n\000\040\0004\000\040\000W\000o\000r\000k\000f\000l\000o\000w\000\040\000f\000o\000r\000\040\000A\000l\000i\000e\000n\000\040\000M\000a\000t\000h\000e\000m\000a\000t\000i\000c\000s}{section.4}% 44
\BOOKMARK [2][-]{subsection.4.3}{\376\377\000L\000i\000m\000i\000t\000a\000t\000i\000o\000n\000s\000\040\000o\000f\000\040\000L\000e\000a\000n\000\040\0004}{section.4}% 45
\BOOKMARK [1][-]{section.5}{\376\377\000I\000m\000p\000l\000i\000c\000a\000t\000i\000o\000n\000s\000\040\000o\000f\000\040\000A\000l\000i\000e\000n\000\040\000M\000a\000t\000h\000e\000m\000a\000t\000i\000c\000s}{}% 46
\BOOKMARK [2][-]{subsection.5.1}{\376\377\000M\000a\000t\000h\000e\000m\000a\000t\000i\000c\000s\000\040\000a\000n\000d\000\040\000R\000e\000s\000e\000a\000r\000c\000h}{section.5}% 47
\BOOKMARK [3][-]{subsubsection.5.1.1}{\376\377\000E\000x\000p\000a\000n\000d\000i\000n\000g\000\040\000t\000h\000e\000\040\000S\000c\000o\000p\000e\000\040\000o\000f\000\040\000P\000u\000r\000e\000\040\000M\000a\000t\000h\000e\000m\000a\000t\000i\000c\000s}{subsection.5.1}% 48
\BOOKMARK [3][-]{subsubsection.5.1.2}{\376\377\000N\000e\000w\000\040\000M\000a\000t\000h\000e\000m\000a\000t\000i\000c\000a\000l\000\040\000P\000a\000r\000a\000d\000i\000g\000m\000s}{subsection.5.1}% 49
\BOOKMARK [2][-]{subsection.5.2}{\376\377\000E\000d\000u\000c\000a\000t\000i\000o\000n\000:\000\040\000R\000e\000t\000h\000i\000n\000k\000i\000n\000g\000\040\000M\000a\000t\000h\000e\000m\000a\000t\000i\000c\000a\000l\000\040\000P\000e\000d\000a\000g\000o\000g\000y}{section.5}% 50
\BOOKMARK [3][-]{subsubsection.5.2.1}{\376\377\000C\000h\000a\000l\000l\000e\000n\000g\000e\000s}{subsection.5.2}% 51
\BOOKMARK [3][-]{subsubsection.5.2.2}{\376\377\000S\000o\000l\000u\000t\000i\000o\000n\000s}{subsection.5.2}% 52
\BOOKMARK [3][-]{subsubsection.5.2.3}{\376\377\000C\000u\000r\000r\000i\000c\000u\000l\000u\000m\000\040\000E\000x\000a\000m\000p\000l\000e}{subsection.5.2}% 53
\BOOKMARK [2][-]{subsection.5.3}{\376\377\000I\000n\000d\000u\000s\000t\000r\000y\000\040\000A\000p\000p\000l\000i\000c\000a\000t\000i\000o\000n\000s}{section.5}% 54
\BOOKMARK [3][-]{subsubsection.5.3.1}{\376\377\000C\000a\000s\000e\000\040\000S\000t\000u\000d\000y\000:\000\040\000P\000o\000s\000t\000-\000Q\000u\000a\000n\000t\000u\000m\000\040\000C\000r\000y\000p\000t\000o\000g\000r\000a\000p\000h\000y\000\040\000a\000n\000d\000\040\000A\000l\000i\000e\000n\000\040\000L\000a\000t\000t\000i\000c\000e\000\040\000S\000t\000r\000u\000c\000t\000u\000r\000e\000s}{subsection.5.3}% 55
\BOOKMARK [3][-]{subsubsection.5.3.2}{\376\377\000W\000h\000y\000\040\000N\000o\000n\000-\000C\000o\000m\000m\000u\000t\000a\000t\000i\000v\000i\000t\000y\000\040\000A\000l\000o\000n\000e\000\040\000F\000a\000i\000l\000s}{subsection.5.3}% 56
\BOOKMARK [3][-]{subsubsection.5.3.3}{\376\377\000P\000o\000s\000t\000-\000Q\000u\000a\000n\000t\000u\000m\000\040\000C\000r\000y\000p\000t\000o\000g\000r\000a\000p\000h\000y\000:\000\040\000L\000a\000t\000t\000i\000c\000e\000-\000B\000a\000s\000e\000d\000\040\000S\000t\000a\000n\000d\000a\000r\000d\000s\000\040\000\050\000H\000u\000m\000a\000n\000\040\000M\000a\000t\000h\000e\000m\000a\000t\000i\000c\000s\000\040\000a\000t\000\040\000S\000c\000a\000l\000e\000\051}{subsection.5.3}% 57
\BOOKMARK [3][-]{subsubsection.5.3.4}{\376\377\000C\000a\000s\000e\000\040\000S\000t\000u\000d\000y\000:\000\040\000Q\000u\000a\000n\000t\000u\000m\000\040\000C\000o\000m\000p\000u\000t\000i\000n\000g\000\040\000w\000i\000t\000h\000\040\000A\000l\000i\000e\000n\000\040\000T\000e\000n\000s\000o\000r\000s}{subsection.5.3}% 58
\BOOKMARK [2][-]{subsection.5.4}{\376\377\000E\000t\000h\000i\000c\000a\000l\000\040\000a\000n\000d\000\040\000P\000h\000i\000l\000o\000s\000o\000p\000h\000i\000c\000a\000l\000\040\000C\000o\000n\000s\000i\000d\000e\000r\000a\000t\000i\000o\000n\000s}{section.5}% 59
\BOOKMARK [3][-]{subsubsection.5.4.1}{\376\377\000E\000p\000i\000s\000t\000e\000m\000o\000l\000o\000g\000i\000c\000a\000l\000\040\000I\000m\000p\000l\000i\000c\000a\000t\000i\000o\000n\000s}{subsection.5.4}% 60
\BOOKMARK [3][-]{subsubsection.5.4.2}{\376\377\000E\000t\000h\000i\000c\000a\000l\000\040\000C\000o\000n\000c\000e\000r\000n\000s}{subsection.5.4}% 61
\BOOKMARK [1][-]{section.6}{\376\377\000F\000u\000t\000u\000r\000e\000\040\000W\000o\000r\000k}{}% 62
\BOOKMARK [2][-]{subsection.6.1}{\376\377\000T\000h\000e\000o\000r\000e\000t\000i\000c\000a\000l\000\040\000D\000i\000r\000e\000c\000t\000i\000o\000n\000s}{section.6}% 63
\BOOKMARK [2][-]{subsection.6.2}{\376\377\000T\000e\000c\000h\000n\000o\000l\000o\000g\000i\000c\000a\000l\000\040\000D\000i\000r\000e\000c\000t\000i\000o\000n\000s}{section.6}% 64
\BOOKMARK [2][-]{subsection.6.3}{\376\377\000P\000e\000d\000a\000g\000o\000g\000i\000c\000a\000l\000\040\000D\000i\000r\000e\000c\000t\000i\000o\000n\000s}{section.6}% 65
\BOOKMARK [2][-]{subsection.6.4}{\376\377\000I\000n\000d\000u\000s\000t\000r\000y\000\040\000C\000o\000l\000l\000a\000b\000o\000r\000a\000t\000i\000o\000n\000s}{section.6}% 66
\BOOKMARK [1][-]{section.7}{\376\377\000C\000o\000n\000c\000l\000u\000s\000i\000o\000n}{}% 67
