==========================================
CY-Sieve GPU phase — startup Sun Jun 21 16:05:31 UTC 2026
==========================================
Sun Jun 21 16:05:31 2026       
+-----------------------------------------------------------------------------------------+
| NVIDIA-SMI 580.159.03             Driver Version: 580.159.03     CUDA Version: 13.0     |
+-----------------------------------------+------------------------+----------------------+
| GPU  Name                 Persistence-M | Bus-Id          Disp.A | Volatile Uncorr. ECC |
| Fan  Temp   Perf          Pwr:Usage/Cap |           Memory-Usage | GPU-Util  Compute M. |
|                                         |                        |               MIG M. |
|=========================================+========================+======================|
|   0  NVIDIA L4                      On  |   00000000:00:03.0 Off |                    0 |
| N/A   49C    P0             28W /   72W |       0MiB /  23034MiB |      0%      Default |
|                                         |                        |                  N/A |
+-----------------------------------------+------------------------+----------------------+

+-----------------------------------------------------------------------------------------+
| Processes:                                                                              |
|  GPU   GI   CI              PID   Type   Process name                        GPU Memory |
|        ID   ID                                                               Usage      |
|=========================================================================================|
|  No running processes found                                                             |
+-----------------------------------------------------------------------------------------+
WARNING: Running pip as the 'root' user can result in broken permissions and conflicting behaviour with the system package manager. It is recommended to use a virtual environment instead: https://pip.pypa.io/warnings/venv
datasets 5.0.0 requires xxhash, which is not installed.
datasets 5.0.0 requires requests>=2.32.2, but you have requests 2.25.1 which is incompatible.
WARNING: Running pip as the 'root' user can result in broken permissions and conflicting behaviour with the system package manager. It is recommended to use a virtual environment instead: https://pip.pypa.io/warnings/venv
PyTorch 2.9.1+cu129, CUDA 12.9
GPU: NVIDIA L4
VRAM: 23.7 GB
Triton 3.5.1
Cloning into 'Mirror-Map-Sieve'...

Starting CY-Sieve GPU phase at Sun Jun 21 16:05:48 UTC 2026...
==========================================================================
  CY-Sieve §5 QUALITY GATE (from-scratch) — preset=l4 on cuda
  arch d_model=512 L=8 H=8 ctx=512 steps=6000
==========================================================================
  [warn] datasets unavailable (No module named 'multiprocess'); using bundled sample.
  corpus: train 1,260,000 bytes | val 250,000 bytes

[learned]
      learned step     1/6000 loss 326.3425
      learned step  1200/6000 loss 0.0113
      learned step  2400/6000 loss 0.0066
      learned step  3600/6000 loss 0.0120
      learned step  4800/6000 loss 0.0075
      learned step  6000/6000 loss 0.0080
      learned val ppl @ L=512   (train): 1.007
      learned val ppl @ L=1024  (2x-extrap): 2495.077
      learned val ppl @ L=2048  (4x-extrap): 251818.311

[alibi]
        alibi step     1/6000 loss 420.9774
        alibi step  1200/6000 loss 0.0293
        alibi step  2400/6000 loss 0.0055
        alibi step  3600/6000 loss 0.0079
        alibi step  4800/6000 loss 0.0080
        alibi step  6000/6000 loss 0.0090
        alibi val ppl @ L=512   (train): 1.008
        alibi val ppl @ L=1024  (2x-extrap): 1.004
        alibi val ppl @ L=2048  (4x-extrap): 1.002

[sliding]
      sliding step     1/6000 loss 426.8171
      sliding step  1200/6000 loss 0.0238
      sliding step  2400/6000 loss 0.0068
      sliding step  3600/6000 loss 0.0078
      sliding step  4800/6000 loss 0.0076
      sliding step  6000/6000 loss 0.0067
      sliding val ppl @ L=512   (train): 1.006
      sliding val ppl @ L=1024  (2x-extrap): 1.003
      sliding val ppl @ L=2048  (4x-extrap): 1.002

[cy_sieve / per-head tau ladder]
     cy_sieve step     1/6000 loss 422.0187
     cy_sieve step  1200/6000 loss 0.0114
     cy_sieve step  2400/6000 loss 0.0072
     cy_sieve step  3600/6000 loss 0.0074
     cy_sieve step  4800/6000 loss 0.0082
     cy_sieve step  6000/6000 loss 0.0061
     cy_sieve val ppl @ L=512   (train): 1.006
     cy_sieve val ppl @ L=1024  (2x-extrap): 1.003
     cy_sieve val ppl @ L=2048  (4x-extrap): 1.002

[cy_sieve / tau=20.0]
     cy_sieve step     1/6000 loss 418.7585
     cy_sieve step  1200/6000 loss 0.0100
     cy_sieve step  2400/6000 loss 0.0057
     cy_sieve step  3600/6000 loss 0.0075
     cy_sieve step  4800/6000 loss 0.0078
     cy_sieve step  6000/6000 loss 0.0067
     cy_sieve val ppl @ L=512   (train): 1.006
     cy_sieve val ppl @ L=1024  (2x-extrap): 1.003
     cy_sieve val ppl @ L=2048  (4x-extrap): 1.002

[cy_sieve / tau=128.0]
     cy_sieve step     1/6000 loss 426.1964
     cy_sieve step  1200/6000 loss 0.0395
     cy_sieve step  2400/6000 loss 0.0105
     cy_sieve step  3600/6000 loss 0.0082
     cy_sieve step  4800/6000 loss 0.0062
     cy_sieve step  6000/6000 loss 0.0065
     cy_sieve val ppl @ L=512   (train): 1.006
     cy_sieve val ppl @ L=1024  (2x-extrap): 1.003
     cy_sieve val ppl @ L=2048  (4x-extrap): 1.002

[cy_sieve / tau=512.0]
     cy_sieve step     1/6000 loss 427.1496
     cy_sieve step  1200/6000 loss 0.0106
     cy_sieve step  2400/6000 loss 0.0074
     cy_sieve step  3600/6000 loss 0.0075
     cy_sieve step  4800/6000 loss 0.0084
     cy_sieve step  6000/6000 loss 0.0076
     cy_sieve val ppl @ L=512   (train): 1.007
     cy_sieve val ppl @ L=1024  (2x-extrap): 2.734
     cy_sieve val ppl @ L=2048  (4x-extrap): 6.271

==========================================================================
  VERDICT: PASS — best CY-Sieve 1.006 (tau=ladder) vs best baseline 1.006: -0.01%
  results -> /tmp/Mirror-Map-Sieve/4_ai_hardware_attention/cy_sieve_quality_results.json
==========================================================================
==========================================================================
  CY-Sieve §6 PERF — NVIDIA L4 (24 GB) | D=64, tau=128.0
  (speed is only meaningful alongside the §5 quality verdict — T6.3)
==========================================================================
  L=1024    cy_sieve=  0.056ms  dense=  0.054ms  table_bias=  0.060ms  bias_HBM=     4096B vs 2097152B
  L=2048    cy_sieve=  0.104ms  dense=  0.054ms  table_bias=  0.117ms  bias_HBM=     8192B vs 8388608B
  L=4096    cy_sieve=  0.259ms  dense=  0.060ms  table_bias=  0.270ms  bias_HBM=    16384B vs 33554432B
  L=8192    cy_sieve=  1.166ms  dense=  0.316ms  table_bias=  0.805ms  bias_HBM=    32768B vs 134217728B
  L=16384   cy_sieve=  3.969ms  dense=  1.063ms  table_bias=  3.862ms  bias_HBM=    65536B vs 536870912B
Traceback (most recent call last):
  File "/tmp/Mirror-Map-Sieve/4_ai_hardware_attention/cy_sieve_perf.py", line 160, in <module>
    main()
  File "/tmp/Mirror-Map-Sieve/4_ai_hardware_attention/cy_sieve_perf.py", line 155, in main
    run(args.seq_lens, args.head_dim, args.seq, args.tau, args.output,
  File "/tmp/Mirror-Map-Sieve/4_ai_hardware_attention/cy_sieve_perf.py", line 101, in run
    torch.full_like(d, 1, dtype=fp).float() * float("-inf"))
torch.OutOfMemoryError: CUDA out of memory. Tried to allocate 4.00 GiB. GPU 0 has a total capacity of 22.03 GiB of which 813.12 MiB is free. Including non-PyTorch memory, this process has 21.23 GiB memory in use. Of the allocated memory 17.01 GiB is allocated by PyTorch, and 4.01 GiB is reserved by PyTorch but unallocated. If reserved but unallocated memory is large try setting PYTORCH_CUDA_ALLOC_CONF=expandable_segments:True to avoid fragmentation.  See documentation for Memory Management  (https://pytorch.org/docs/stable/notes/cuda.html#environment-variables)
==========================================================================
  CY-Sieve GPU PHASE — tests.md §4 / §5 / §6
  GPU: {'cuda': True, 'name': 'NVIDIA L4', 'vram_gb': 23.7, 'torch': '2.9.1+cu129', 'cuda_version': '12.9'}
==========================================================================

==========================================================================
  §4 — Triton kernel <-> CPU reference parity
==========================================================================

/usr/bin/python3: No module named pytest


==========================================================================
  §5 — QUALITY GATE (from-scratch training)
==========================================================================

==========================================================================
  §6 — Performance (Triton kernel)
==========================================================================

==========================================================================
  GPU PHASE COMPLETE
    §4 parity : FAIL ((no pytest summary))
    §5 quality: PASS — best CY-Sieve 1.006 (tau=ladder) vs best baseline 1.006: -0.01%
    -> /tmp/gpu_phase_results_20260621_160531.json  (13203.9s)
==========================================================================

GPU phase exit code: 0 at Sun Jun 21 19:45:53 UTC 2026
Copying file:///tmp/gpu_phase_results_20260621_160531.json [Content-Type=application/json]...
/ [0 files][    0.0 B/  3.0 KiB]                                                / [1 files][  3.0 KiB/  3.0 KiB]                                                
Operation completed over 1 objects/3.0 KiB.                                      
✅ uploaded gpu_phase_results_20260621_160531.json
Copying file:///tmp/Mirror-Map-Sieve/4_ai_hardware_attention/cy_sieve_quality_results.json [Content-Type=application/json]...
/ [0 files][    0.0 B/  2.1 KiB]                                                / [1 files][  2.1 KiB/  2.1 KiB]                                                
Operation completed over 1 objects/2.1 KiB.                                      
✅ uploaded cy_sieve_quality_results.json
⚠ could not upload /tmp/Mirror-Map-Sieve/4_ai_hardware_attention/cy_sieve_perf_results.json
