\BOOKMARK [0][-]{chapter.1}{\376\377\000I\000n\000t\000r\000o\000d\000u\000c\000t\000i\000o\000n}{}% 1
\BOOKMARK [1][-]{section.1.1}{\376\377\000T\000h\000e\000\040\000G\000l\000o\000b\000a\000l\000\040\000A\000v\000i\000a\000t\000i\000o\000n\000\040\000I\000n\000d\000u\000s\000t\000r\000y}{chapter.1}% 2
\BOOKMARK [1][-]{section.1.2}{\376\377\000I\000n\000d\000u\000s\000t\000r\000y\000\040\000E\000r\000r\000o\000r\000\040\000G\000o\000a\000l\000s\000\040\000a\000n\000d\000\040\000K\000P\000I\000s}{chapter.1}% 3
\BOOKMARK [1][-]{section.1.3}{\376\377\000P\000r\000i\000o\000r\000i\000t\000y\000\040\000A\000r\000e\000a\000s}{chapter.1}% 4
\BOOKMARK [1][-]{section.1.4}{\376\377\000N\000o\000t\000a\000t\000i\000o\000n}{chapter.1}% 5
\BOOKMARK [0][-]{chapter.2}{\376\377\000D\000i\000s\000r\000u\000p\000t\000i\000o\000n\000\040\000R\000e\000c\000o\000v\000e\000r\000y\000\040\000\050\000I\000R\000O\000P\000S\000\051}{}% 6
\BOOKMARK [1][-]{section.2.1}{\376\377\000P\000r\000o\000b\000l\000e\000m\000\040\000O\000v\000e\000r\000v\000i\000e\000w}{chapter.2}% 7
\BOOKMARK [1][-]{section.2.2}{\376\377\000C\000l\000a\000s\000s\000i\000c\000a\000l\000\040\000A\000p\000p\000r\000o\000a\000c\000h\000e\000s}{chapter.2}% 8
\BOOKMARK [2][-]{subsection.2.2.1}{\376\377\000S\000e\000q\000u\000e\000n\000t\000i\000a\000l\000\040\000R\000e\000c\000o\000v\000e\000r\000y}{section.2.2}% 9
\BOOKMARK [2][-]{subsection.2.2.2}{\376\377\000M\000i\000x\000e\000d\000\040\000I\000n\000t\000e\000g\000e\000r\000\040\000P\000r\000o\000g\000r\000a\000m\000m\000i\000n\000g\000\040\000\050\000M\000I\000P\000\051}{section.2.2}% 10
\BOOKMARK [2][-]{subsection.2.2.3}{\376\377\000C\000o\000l\000u\000m\000n\000\040\000G\000e\000n\000e\000r\000a\000t\000i\000o\000n}{section.2.2}% 11
\BOOKMARK [2][-]{subsection.2.2.4}{\376\377\000B\000e\000n\000d\000e\000r\000s\000\040\000D\000e\000c\000o\000m\000p\000o\000s\000i\000t\000i\000o\000n}{section.2.2}% 12
\BOOKMARK [2][-]{subsection.2.2.5}{\376\377\000L\000a\000g\000r\000a\000n\000g\000i\000a\000n\000\040\000R\000e\000l\000a\000x\000a\000t\000i\000o\000n}{section.2.2}% 13
\BOOKMARK [1][-]{section.2.3}{\376\377\000I\000n\000d\000u\000s\000t\000r\000y\000\040\000E\000r\000r\000o\000r\000\040\000G\000o\000a\000l\000s\000\040\000f\000o\000r\000\040\000D\000i\000s\000r\000u\000p\000t\000i\000o\000n\000\040\000R\000e\000c\000o\000v\000e\000r\000y}{chapter.2}% 14
\BOOKMARK [0][-]{chapter.3}{\376\377\000R\000e\000v\000e\000n\000u\000e\000\040\000M\000a\000n\000a\000g\000e\000m\000e\000n\000t\000\040\000\046\000\040\000D\000y\000n\000a\000m\000i\000c\000\040\000P\000r\000i\000c\000i\000n\000g}{}% 15
\BOOKMARK [1][-]{section.3.1}{\376\377\000F\000o\000u\000n\000d\000a\000t\000i\000o\000n\000s}{chapter.3}% 16
\BOOKMARK [2][-]{subsection.3.1.1}{\376\377\000L\000i\000t\000t\000l\000e\000w\000o\000o\000d\000'\000s\000\040\000R\000u\000l\000e\000\040\000a\000n\000d\000\040\000E\000M\000S\000R\000-\000b}{section.3.1}% 17
\BOOKMARK [2][-]{subsection.3.1.2}{\376\377\000N\000e\000t\000w\000o\000r\000k\000\040\000R\000e\000v\000e\000n\000u\000e\000\040\000M\000a\000n\000a\000g\000e\000m\000e\000n\000t}{section.3.1}% 18
\BOOKMARK [2][-]{subsection.3.1.3}{\376\377\000C\000h\000o\000i\000c\000e\000-\000B\000a\000s\000e\000d\000\040\000R\000e\000v\000e\000n\000u\000e\000\040\000M\000a\000n\000a\000g\000e\000m\000e\000n\000t}{section.3.1}% 19
\BOOKMARK [1][-]{section.3.2}{\376\377\000R\000o\000b\000u\000s\000t\000\040\000O\000p\000t\000i\000m\000i\000z\000a\000t\000i\000o\000n\000\040\000f\000o\000r\000\040\000D\000e\000m\000a\000n\000d\000\040\000U\000n\000c\000e\000r\000t\000a\000i\000n\000t\000y}{chapter.3}% 20
\BOOKMARK [1][-]{section.3.3}{\376\377\000I\000n\000d\000u\000s\000t\000r\000y\000\040\000E\000r\000r\000o\000r\000\040\000G\000o\000a\000l\000s\000\040\000f\000o\000r\000\040\000R\000e\000v\000e\000n\000u\000e\000\040\000M\000a\000n\000a\000g\000e\000m\000e\000n\000t}{chapter.3}% 21
\BOOKMARK [0][-]{chapter.4}{\376\377\000F\000l\000e\000e\000t\000\040\000A\000s\000s\000i\000g\000n\000m\000e\000n\000t\000\040\000\046\000\040\000A\000i\000r\000c\000r\000a\000f\000t\000\040\000R\000o\000u\000t\000i\000n\000g}{}% 22
\BOOKMARK [1][-]{section.4.1}{\376\377\000F\000l\000e\000e\000t\000\040\000A\000s\000s\000i\000g\000n\000m\000e\000n\000t\000\040\000P\000r\000o\000b\000l\000e\000m\000\040\000\050\000F\000A\000P\000\051}{chapter.4}% 23
\BOOKMARK [1][-]{section.4.2}{\376\377\000C\000o\000n\000n\000e\000c\000t\000i\000o\000n\000\040\000N\000e\000t\000w\000o\000r\000k\000\040\000M\000o\000d\000e\000l}{chapter.4}% 24
\BOOKMARK [1][-]{section.4.3}{\376\377\000M\000a\000i\000n\000t\000e\000n\000a\000n\000c\000e\000\040\000R\000o\000u\000t\000i\000n\000g}{chapter.4}% 25
\BOOKMARK [1][-]{section.4.4}{\376\377\000I\000n\000d\000u\000s\000t\000r\000y\000\040\000E\000r\000r\000o\000r\000\040\000G\000o\000a\000l\000s}{chapter.4}% 26
\BOOKMARK [0][-]{chapter.5}{\376\377\000C\000o\000m\000p\000u\000t\000a\000t\000i\000o\000n\000a\000l\000\040\000M\000e\000t\000h\000o\000d\000s}{}% 27
\BOOKMARK [1][-]{section.5.1}{\376\377\000C\000o\000l\000u\000m\000n\000\040\000G\000e\000n\000e\000r\000a\000t\000i\000o\000n}{chapter.5}% 28
\BOOKMARK [1][-]{section.5.2}{\376\377\000B\000e\000n\000d\000e\000r\000s\000\040\000D\000e\000c\000o\000m\000p\000o\000s\000i\000t\000i\000o\000n}{chapter.5}% 29
\BOOKMARK [1][-]{section.5.3}{\376\377\000B\000r\000a\000n\000c\000h\000-\000a\000n\000d\000-\000P\000r\000i\000c\000e}{chapter.5}% 30
\BOOKMARK [1][-]{section.5.4}{\376\377\000M\000e\000t\000a\000h\000e\000u\000r\000i\000s\000t\000i\000c\000s}{chapter.5}% 31
\BOOKMARK [1][-]{section.5.5}{\376\377\000M\000o\000d\000e\000r\000n\000\040\000S\000o\000l\000v\000e\000r\000s}{chapter.5}% 32
\BOOKMARK [0][-]{chapter.6}{\376\377\000G\000a\000l\000i\000l\000e\000o\000\040\000N\000u\000m\000e\000r\000i\000c\000a\000l\000\040\000E\000x\000p\000e\000r\000i\000m\000e\000n\000t\000s}{}% 33
\BOOKMARK [1][-]{section.6.1}{\376\377\000S\000i\000m\000u\000l\000a\000t\000i\000o\000n\000\040\000F\000r\000a\000m\000e\000w\000o\000r\000k}{chapter.6}% 34
\BOOKMARK [2][-]{subsection.6.1.1}{\376\377\000D\000i\000s\000r\000u\000p\000t\000i\000o\000n\000\040\000M\000o\000d\000e\000l}{section.6.1}% 35
\BOOKMARK [1][-]{section.6.2}{\376\377\000R\000e\000s\000u\000l\000t\000s}{chapter.6}% 36
\BOOKMARK [2][-]{subsection.6.2.1}{\376\377\000A\000n\000a\000l\000y\000s\000i\000s\000\040\000o\000f\000\040\000I\000A\000T\000A\000\040\000A\0001\0005\000\040\000M\000i\000s\000s}{section.6.2}% 37
\BOOKMARK [1][-]{section.6.3}{\376\377\000I\000m\000p\000r\000o\000v\000e\000m\000e\000n\000t\000\040\000S\000u\000m\000m\000a\000r\000y}{chapter.6}% 38
\BOOKMARK [0][-]{chapter.7}{\376\377\000F\000r\000o\000n\000t\000i\000e\000r\000s\000:\000\040\000T\000e\000n\000s\000o\000r\000\040\000M\000e\000t\000h\000o\000d\000s\000\040\000a\000n\000d\000\040\000S\000p\000e\000c\000u\000l\000a\000t\000i\000v\000e\000\040\000A\000p\000p\000r\000o\000a\000c\000h\000e\000s}{}% 39
\BOOKMARK [1][-]{section.7.1}{\376\377\000M\000o\000t\000i\000v\000a\000t\000i\000o\000n}{chapter.7}% 40
\BOOKMARK [1][-]{section.7.2}{\376\377\000T\000e\000n\000s\000o\000r\000\040\000N\000e\000t\000w\000o\000r\000k\000\040\000C\000o\000n\000t\000r\000a\000c\000t\000i\000o\000n\000s\000\040\000f\000o\000r\000\040\000L\000P}{chapter.7}% 41
\BOOKMARK [1][-]{section.7.3}{\376\377\000H\000o\000l\000o\000g\000r\000a\000p\000h\000i\000c\000\040\000E\000n\000t\000r\000o\000p\000y\000\040\000B\000o\000u\000n\000d\000s}{chapter.7}% 42
\BOOKMARK [1][-]{section.7.4}{\376\377\000W\000h\000e\000r\000e\000\040\000C\000l\000a\000s\000s\000i\000c\000a\000l\000\040\000O\000R\000\040\000M\000e\000e\000t\000s\000\040\000M\000o\000d\000e\000r\000n\000\040\000A\000l\000g\000e\000b\000r\000a}{chapter.7}% 43
\BOOKMARK [0][-]{chapter.8}{\376\377\000E\000i\000f\000f\000e\000l\000:\000\040\000E\000n\000g\000i\000n\000e\000e\000r\000i\000n\000g\000\040\000I\000m\000p\000l\000e\000m\000e\000n\000t\000a\000t\000i\000o\000n\000\040\000\046\000\040\000P\000a\000t\000e\000n\000t\000\040\000O\000p\000p\000o\000r\000t\000u\000n\000i\000t\000i\000e\000s}{}% 44
\BOOKMARK [1][-]{section.8.1}{\376\377\000S\000y\000s\000t\000e\000m\000\040\000A\000r\000c\000h\000i\000t\000e\000c\000t\000u\000r\000e}{chapter.8}% 45
\BOOKMARK [2][-]{subsection.8.1.1}{\376\377\000I\000n\000t\000e\000g\000r\000a\000t\000i\000o\000n\000\040\000P\000o\000i\000n\000t\000s}{section.8.1}% 46
\BOOKMARK [2][-]{subsection.8.1.2}{\376\377\000D\000e\000p\000l\000o\000y\000m\000e\000n\000t}{section.8.1}% 47
\BOOKMARK [1][-]{section.8.2}{\376\377\000P\000a\000t\000e\000n\000t\000\040\000O\000p\000p\000o\000r\000t\000u\000n\000i\000t\000i\000e\000s}{chapter.8}% 48
\BOOKMARK [2][-]{subsection.8.2.1}{\376\377\000P\000a\000t\000e\000n\000t\000\040\0001\000:\000\040\000I\000R\000O\000P\000S\000-\000C\000G\000-\0000\0000\0001}{section.8.2}% 49
\BOOKMARK [2][-]{subsection.8.2.2}{\376\377\000P\000a\000t\000e\000n\000t\000\040\0002\000:\000\040\000I\000R\000O\000P\000S\000-\000B\000E\000N\000D\000-\0000\0000\0002}{section.8.2}% 50
\BOOKMARK [2][-]{subsection.8.2.3}{\376\377\000P\000a\000t\000e\000n\000t\000\040\0003\000:\000\040\000R\000M\000-\000R\000O\000B\000U\000S\000T\000-\0000\0000\0003}{section.8.2}% 51
\BOOKMARK [1][-]{section.8.3}{\376\377\000I\000m\000p\000l\000e\000m\000e\000n\000t\000a\000t\000i\000o\000n\000\040\000T\000i\000m\000e\000l\000i\000n\000e}{chapter.8}% 52
\BOOKMARK [1][-]{section.8.4}{\376\377\000R\000i\000s\000k\000\040\000A\000s\000s\000e\000s\000s\000m\000e\000n\000t}{chapter.8}% 53
\BOOKMARK [0][-]{chapter.9}{\376\377\000C\000o\000n\000c\000l\000u\000s\000i\000o\000n}{}% 54
\BOOKMARK [1][-]{section.9.1}{\376\377\000S\000u\000m\000m\000a\000r\000y\000\040\000o\000f\000\040\000R\000e\000s\000u\000l\000t\000s}{chapter.9}% 55
\BOOKMARK [1][-]{section.9.2}{\376\377\000L\000e\000s\000s\000o\000n\000s\000\040\000L\000e\000a\000r\000n\000e\000d}{chapter.9}% 56
\BOOKMARK [1][-]{section.9.3}{\376\377\000F\000u\000t\000u\000r\000e\000\040\000D\000i\000r\000e\000c\000t\000i\000o\000n\000s}{chapter.9}% 57
\BOOKMARK [0][-]{appendix.A}{\376\377\000M\000a\000t\000h\000e\000m\000a\000t\000i\000c\000a\000l\000\040\000N\000o\000t\000a\000t\000i\000o\000n}{}% 58
\BOOKMARK [0][-]{appendix.B}{\376\377\000B\000e\000n\000c\000h\000m\000a\000r\000k\000\040\000I\000n\000s\000t\000a\000n\000c\000e\000\040\000S\000p\000e\000c\000i\000f\000i\000c\000a\000t\000i\000o\000n\000s}{}% 59
