\BOOKMARK [1][-]{section.1}{\376\377\000I\000n\000t\000r\000o\000d\000u\000c\000t\000i\000o\000n}{}% 1
\BOOKMARK [1][-]{section.2}{\376\377\000E\000x\000a\000c\000t\000R\000a\000t\000i\000o\000n\000a\000l\000W\000i\000t\000n\000e\000s\000s\000:\000\040\000A\000\040\000L\000e\000a\000n\000\040\0004\000\040\000C\000o\000n\000t\000r\000i\000b\000u\000t\000i\000o\000n}{}% 2
\BOOKMARK [2][-]{subsection.2.1}{\376\377\000M\000o\000t\000i\000v\000a\000t\000i\000o\000n\000\040\000a\000n\000d\000\040\000C\000o\000n\000t\000e\000x\000t}{section.2}% 3
\BOOKMARK [2][-]{subsection.2.2}{\376\377\000K\000r\000a\000w\000t\000c\000h\000o\000u\000k\000\040\000P\000o\000l\000y\000n\000o\000m\000i\000a\000l\000s\000\040\000a\000n\000d\000\040\000t\000h\000e\000\040\000B\000i\000n\000a\000r\000y\000\040\000H\000a\000m\000m\000i\000n\000g\000\040\000S\000c\000h\000e\000m\000e}{section.2}% 4
\BOOKMARK [2][-]{subsection.2.3}{\376\377\000T\000h\000e\000\040\000W\000i\000t\000n\000e\000s\000s\000\040\000C\000o\000n\000s\000t\000r\000u\000c\000t\000i\000o\000n}{section.2}% 5
\BOOKMARK [1][-]{section.3}{\376\377\000C\000o\000m\000b\000i\000n\000a\000t\000o\000r\000i\000a\000l\000\040\000I\000d\000e\000n\000t\000i\000t\000y\000\040\000D\000i\000s\000c\000o\000v\000e\000r\000y\000\040\000P\000i\000p\000e\000l\000i\000n\000e}{}% 6
\BOOKMARK [2][-]{subsection.3.1}{\376\377\000P\000i\000p\000e\000l\000i\000n\000e\000\040\000A\000r\000c\000h\000i\000t\000e\000c\000t\000u\000r\000e}{section.3}% 7
\BOOKMARK [2][-]{subsection.3.2}{\376\377\000R\000e\000s\000u\000l\000t\000s\000\040\000S\000u\000m\000m\000a\000r\000y}{section.3}% 8
\BOOKMARK [2][-]{subsection.3.3}{\376\377\000E\000x\000a\000m\000p\000l\000e\000\040\000I\000d\000e\000n\000t\000i\000t\000i\000e\000s}{section.3}% 9
\BOOKMARK [2][-]{subsection.3.4}{\376\377\000S\000c\000o\000p\000e\000\040\000a\000n\000d\000\040\000L\000i\000m\000i\000t\000a\000t\000i\000o\000n\000s}{section.3}% 10
\BOOKMARK [1][-]{section.4}{\376\377\000R\000a\000m\000s\000e\000y\000\040\000N\000u\000m\000b\000e\000r\000\040\000C\000o\000m\000p\000u\000t\000a\000t\000i\000o\000n}{}% 11
\BOOKMARK [2][-]{subsection.4.1}{\376\377\000P\000r\000o\000b\000l\000e\000m\000\040\000S\000t\000a\000t\000e\000m\000e\000n\000t}{section.4}% 12
\BOOKMARK [2][-]{subsection.4.2}{\376\377\000I\000n\000s\000p\000i\000r\000a\000t\000i\000o\000n\000:\000\040\000M\000a\000t\000t\000h\000e\000u\000s\040\023\000V\000e\000r\000s\000t\000r\000a\000\353\000t\000e}{section.4}% 13
\BOOKMARK [2][-]{subsection.4.3}{\376\377\000C\000o\000m\000p\000u\000t\000a\000t\000i\000o\000n\000a\000l\000\040\000E\000x\000p\000e\000r\000i\000m\000e\000n\000t\000s}{section.4}% 14
\BOOKMARK [2][-]{subsection.4.4}{\376\377\000I\000n\000f\000r\000a\000s\000t\000r\000u\000c\000t\000u\000r\000e}{section.4}% 15
\BOOKMARK [2][-]{subsection.4.5}{\376\377\000L\000e\000a\000n\000\040\0004\000\040\000F\000o\000r\000m\000a\000l\000i\000s\000a\000t\000i\000o\000n}{section.4}% 16
\BOOKMARK [1][-]{section.5}{\376\377\000N\000e\000g\000a\000t\000i\000v\000e\000\040\000R\000e\000s\000u\000l\000t\000s\000:\000\040\000T\000h\000e\000\040\000A\000l\000i\000e\000n\000\040\000M\000a\000t\000h\000e\000m\000a\000t\000i\000c\000s\000\040\000I\000n\000v\000e\000s\000t\000i\000g\000a\000t\000i\000o\000n}{}% 17
\BOOKMARK [2][-]{subsection.5.1}{\376\377\000T\000h\000e\000\040\000C\000l\000a\000i\000m\000s}{section.5}% 18
\BOOKMARK [2][-]{subsection.5.2}{\376\377\000R\000e\000f\000u\000t\000a\000t\000i\000o\000n}{section.5}% 19
\BOOKMARK [2][-]{subsection.5.3}{\376\377\000T\000h\000e\000\040\000G\000e\000n\000u\000i\000n\000e\000\040\000R\000e\000s\000i\000d\000u\000e}{section.5}% 20
\BOOKMARK [2][-]{subsection.5.4}{\376\377\000T\000h\000e\000\040\000C\000l\000a\000i\000m\000V\000e\000r\000i\000f\000i\000c\000a\000t\000i\000o\000n\000P\000i\000p\000e\000l\000i\000n\000e}{section.5}% 21
\BOOKMARK [2][-]{subsection.5.5}{\376\377\000L\000e\000s\000s\000o\000n}{section.5}% 22
\BOOKMARK [1][-]{section.6}{\376\377\000M\000e\000t\000h\000o\000d\000o\000l\000o\000g\000y\000:\000\040\000M\000u\000l\000t\000i\000-\000A\000g\000e\000n\000t\000\040\000C\000l\000a\000i\000m\000\040\000V\000e\000r\000i\000f\000i\000c\000a\000t\000i\000o\000n}{}% 23
\BOOKMARK [2][-]{subsection.6.1}{\376\377\000T\000h\000e\000\040\000F\000o\000u\000r\000-\000G\000a\000t\000e\000\040\000V\000e\000r\000i\000f\000i\000c\000a\000t\000i\000o\000n\000\040\000S\000t\000a\000n\000d\000a\000r\000d}{section.6}% 24
\BOOKMARK [2][-]{subsection.6.2}{\376\377\000I\000m\000p\000l\000e\000m\000e\000n\000t\000a\000t\000i\000o\000n}{section.6}% 25
\BOOKMARK [2][-]{subsection.6.3}{\376\377\000H\000o\000n\000e\000s\000t\000\040\000R\000e\000p\000o\000r\000t\000i\000n\000g}{section.6}% 26
\BOOKMARK [1][-]{section.7}{\376\377\000C\000o\000n\000c\000l\000u\000s\000i\000o\000n\000\040\000a\000n\000d\000\040\000F\000u\000t\000u\000r\000e\000\040\000W\000o\000r\000k}{}% 27
\BOOKMARK [2][-]{subsection.7.1}{\376\377\000S\000u\000m\000m\000a\000r\000y\000\040\000o\000f\000\040\000V\000e\000r\000i\000f\000i\000e\000d\000\040\000R\000e\000s\000u\000l\000t\000s}{section.7}% 28
\BOOKMARK [2][-]{subsection.7.2}{\376\377\000F\000u\000t\000u\000r\000e\000\040\000D\000i\000r\000e\000c\000t\000i\000o\000n\000s}{section.7}% 29
\BOOKMARK [1][-]{appendix.A}{\376\377\000L\000e\000a\000n\000\040\0004\000\040\000C\000o\000d\000e\000\040\000L\000i\000s\000t\000i\000n\000g\000s}{}% 30
\BOOKMARK [2][-]{subsection.A.1}{\376\377\000E\000x\000a\000c\000t\000R\000a\000t\000i\000o\000n\000a\000l\000W\000i\000t\000n\000e\000s\000s\000\040\000\050\0000\000\040\000s\000o\000r\000r\000y\000,\000\040\0000\000\040\000a\000x\000i\000o\000m\000\051}{appendix.A}% 31
\BOOKMARK [2][-]{subsection.A.2}{\376\377\000C\000o\000m\000b\000i\000n\000a\000t\000o\000r\000i\000a\000l\000I\000d\000e\000n\000t\000i\000t\000y\000\040\000\050\000n\000a\000t\000i\000v\000e\000\137\000d\000e\000c\000i\000d\000e\000\051}{appendix.A}% 32
\BOOKMARK [2][-]{subsection.A.3}{\376\377\000R\000a\000m\000s\000e\000y\000S\000e\000a\000r\000c\000h\000\040\000\050\000R\000\050\0003\000,\0003\000\051\000\040\0006\000\051}{appendix.A}% 33
