\BOOKMARK [-1][-]{part.1}{\376\377\000I\000\040\000M\000a\000t\000h\000e\000m\000a\000t\000i\000c\000a\000l\000\040\000F\000o\000u\000n\000d\000a\000t\000i\000o\000n\000s}{}% 1
\BOOKMARK [0][-]{chapter.1}{\376\377\000I\000n\000t\000r\000o\000d\000u\000c\000t\000i\000o\000n}{part.1}% 2
\BOOKMARK [1][-]{section.1.1}{\376\377\000T\000h\000e\000\040\000H\000o\000r\000i\000z\000o\000n\000M\000a\000t\000h\000\040\000B\000e\000n\000c\000h\000m\000a\000r\000k}{chapter.1}% 3
\BOOKMARK [1][-]{section.1.2}{\376\377\000W\000h\000a\000t\000\040\000M\000a\000k\000e\000s\000\040\000a\000\040\000P\000r\000o\000b\000l\000e\000m\000\040\000`\000`\000F\000r\000o\000n\000t\000i\000e\000r\000'\000'\000?}{chapter.1}% 4
\BOOKMARK [1][-]{section.1.3}{\376\377\000T\000h\000e\000\040\000S\000o\000c\000r\000a\000t\000e\000A\000I\000\040\000M\000u\000l\000t\000i\000-\000A\000g\000e\000n\000t\000\040\000A\000p\000p\000r\000o\000a\000c\000h}{chapter.1}% 5
\BOOKMARK [0][-]{chapter.2}{\376\377\000T\000h\000e\000\040\000S\000y\000m\000B\000r\000a\000i\000n\000\040\000v\0001\0008\000\040\000P\000h\000a\000s\000e\000\040\0002\000\040\000A\000r\000c\000h\000i\000t\000e\000c\000t\000u\000r\000e}{part.1}% 6
\BOOKMARK [1][-]{section.2.1}{\376\377\000S\000t\000a\000t\000e\000f\000u\000l\000\040\000M\000C\000T\000S\000\040\000w\000i\000t\000h\000\040\000L\000e\000a\000n\000\040\0004\000\040\000R\000E\000P\000L}{chapter.2}% 7
\BOOKMARK [1][-]{section.2.2}{\376\377\000C\000o\000r\000t\000e\000x\000\040\000A\000d\000a\000p\000t\000i\000v\000i\000t\000y}{chapter.2}% 8
\BOOKMARK [1][-]{section.2.3}{\376\377\000B\000u\000d\000g\000e\000t\000-\000A\000w\000a\000r\000e\000\040\000R\000e\000a\000s\000o\000n\000i\000n\000g}{chapter.2}% 9
\BOOKMARK [-1][-]{part.2}{\376\377\000I\000I\000\040\000P\000r\000o\000b\000l\000e\000m\000s\000\040\000a\000n\000d\000\040\000S\000o\000l\000u\000t\000i\000o\000n\000s}{}% 10
\BOOKMARK [0][-]{chapter.3}{\376\377\000A\000\050\0002\0001\000,\0001\0000\000\051\000\040\000B\000i\000n\000a\000r\000y\000\040\000E\000r\000r\000o\000r\000-\000C\000o\000r\000r\000e\000c\000t\000i\000n\000g\000\040\000C\000o\000d\000e}{part.2}% 11
\BOOKMARK [1][-]{section.3.1}{\376\377\000M\000a\000t\000h\000e\000m\000a\000t\000i\000c\000a\000l\000\040\000B\000a\000c\000k\000g\000r\000o\000u\000n\000d}{chapter.3}% 12
\BOOKMARK [1][-]{section.3.2}{\376\377\000S\000o\000l\000u\000t\000i\000o\000n\000\040\000A\000p\000p\000r\000o\000a\000c\000h}{chapter.3}% 13
\BOOKMARK [1][-]{section.3.3}{\376\377\000A\000r\000c\000h\000i\000m\000e\000d\000e\000s\000\040\000G\000a\000p\000\040\000R\000e\000s\000o\000l\000u\000t\000i\000o\000n}{chapter.3}% 14
\BOOKMARK [1][-]{section.3.4}{\376\377\000V\000e\000r\000i\000f\000i\000c\000a\000t\000i\000o\000n}{chapter.3}% 15
\BOOKMARK [0][-]{chapter.4}{\376\377\000V\000o\000l\000u\000m\000e\000\040\000o\000f\000\040\000t\000h\000e\000\040\0006\0003\000\040\000K\000n\000o\000t}{part.2}% 16
\BOOKMARK [1][-]{section.4.1}{\376\377\000M\000a\000t\000h\000e\000m\000a\000t\000i\000c\000a\000l\000\040\000B\000a\000c\000k\000g\000r\000o\000u\000n\000d}{chapter.4}% 17
\BOOKMARK [1][-]{section.4.2}{\376\377\000S\000o\000l\000u\000t\000i\000o\000n\000\040\000A\000p\000p\000r\000o\000a\000c\000h\000\040\000a\000n\000d\000\040\000G\000a\000p\000\040\000R\000e\000s\000o\000l\000u\000t\000i\000o\000n}{chapter.4}% 18
\BOOKMARK [0][-]{chapter.5}{\376\377\000S\000e\000l\000f\000-\000A\000v\000o\000i\000d\000i\000n\000g\000\040\000W\000a\000l\000k\000\040\000C\000o\000n\000s\000t\000a\000n\000t\000s}{part.2}% 19
\BOOKMARK [1][-]{section.5.1}{\376\377\000M\000a\000t\000h\000e\000m\000a\000t\000i\000c\000a\000l\000\040\000B\000a\000c\000k\000g\000r\000o\000u\000n\000d}{chapter.5}% 20
\BOOKMARK [1][-]{section.5.2}{\376\377\000S\000i\000m\000p\000l\000e\000\040\000C\000u\000b\000i\000c\000\040\000L\000a\000t\000t\000i\000c\000e\000\040\000\050\000Z\0003\000\051}{chapter.5}% 21
\BOOKMARK [1][-]{section.5.3}{\376\377\000T\000r\000i\000a\000n\000g\000u\000l\000a\000r\000\040\000L\000a\000t\000t\000i\000c\000e}{chapter.5}% 22
\BOOKMARK [1][-]{section.5.4}{\376\377\000S\000q\000u\000a\000r\000e\000\040\000L\000a\000t\000t\000i\000c\000e\000\040\000\050\000Z\0002\000\051}{chapter.5}% 23
\BOOKMARK [0][-]{chapter.6}{\376\377\000T\000h\000e\000\040\000E\000u\000l\000e\000r\040\023\000M\000a\000s\000c\000h\000e\000r\000o\000n\000i\000\040\000C\000o\000n\000s\000t\000a\000n\000t}{part.2}% 24
\BOOKMARK [1][-]{section.6.1}{\376\377\000M\000a\000t\000h\000e\000m\000a\000t\000i\000c\000a\000l\000\040\000B\000a\000c\000k\000g\000r\000o\000u\000n\000d}{chapter.6}% 25
\BOOKMARK [0][-]{chapter.7}{\376\377\000T\000h\000e\000\040\000F\000e\000i\000g\000e\000n\000b\000a\000u\000m\000\040\000C\000o\000n\000s\000t\000a\000n\000t\000s}{part.2}% 26
\BOOKMARK [1][-]{section.7.1}{\376\377\000M\000a\000t\000h\000e\000m\000a\000t\000i\000c\000a\000l\000\040\000B\000a\000c\000k\000g\000r\000o\000u\000n\000d}{chapter.7}% 27
\BOOKMARK [1][-]{section.7.2}{\376\377\000F\000e\000i\000g\000e\000n\000b\000a\000u\000m\000\040}{chapter.7}% 28
\BOOKMARK [1][-]{section.7.3}{\376\377\000F\000e\000i\000g\000e\000n\000b\000a\000u\000m\000\040}{chapter.7}% 29
\BOOKMARK [0][-]{chapter.8}{\376\377\000L\000a\000n\000e\040\023\000E\000m\000d\000e\000n\000\040\000P\000o\000l\000y\000t\000r\000o\000p\000e\000\040\000F\000u\000n\000c\000t\000i\000o\000n}{part.2}% 30
\BOOKMARK [1][-]{section.8.1}{\376\377\000M\000a\000t\000h\000e\000m\000a\000t\000i\000c\000a\000l\000\040\000B\000a\000c\000k\000g\000r\000o\000u\000n\000d}{chapter.8}% 31
\BOOKMARK [0][-]{chapter.9}{\376\377\000S\000p\000h\000e\000r\000i\000c\000a\000l\000\040\000M\000o\000d\000e\000\040\000Q\000u\000a\000l\000i\000t\000y\000\040\000F\000a\000c\000t\000o\000r\000s}{part.2}% 32
\BOOKMARK [1][-]{section.9.1}{\376\377\000M\000a\000t\000h\000e\000m\000a\000t\000i\000c\000a\000l\000\040\000B\000a\000c\000k\000g\000r\000o\000u\000n\000d}{chapter.9}% 33
\BOOKMARK [2][-]{subsection.9.1.1}{\376\377\000H\000a\000r\000d\000\040\000F\000a\000i\000l\000u\000r\000e\000\040\000A\000n\000a\000l\000y\000s\000i\000s}{section.9.1}% 34
\BOOKMARK [0][-]{chapter.10}{\376\377\000P\000h\000o\000t\000o\000k\000i\000n\000e\000t\000i\000c\000\040\000B\000i\000m\000o\000l\000e\000c\000u\000l\000a\000r\000\040\000R\000a\000t\000e\000\040\000L\000a\000w}{part.2}% 35
\BOOKMARK [1][-]{section.10.1}{\376\377\000M\000a\000t\000h\000e\000m\000a\000t\000i\000c\000a\000l\000\040\000B\000a\000c\000k\000g\000r\000o\000u\000n\000d}{chapter.10}% 36
\BOOKMARK [0][-]{chapter.11}{\376\377\000T\000P\000S\000M\000L\000\040\000Q\000u\000a\000n\000t\000i\000l\000e\000\040\000F\000u\000n\000c\000t\000i\000o\000n}{part.2}% 37
\BOOKMARK [1][-]{section.11.1}{\376\377\000M\000a\000t\000h\000e\000m\000a\000t\000i\000c\000a\000l\000\040\000B\000a\000c\000k\000g\000r\000o\000u\000n\000d}{chapter.11}% 38
\BOOKMARK [0][-]{chapter.12}{\376\377\000D\000u\000a\000l\000\040\000R\000i\000s\000k\000\040\000P\000a\000r\000e\000t\000o\000\040\000F\000i\000n\000i\000t\000e\000-\000T\000i\000m\000e\000\040\000R\000u\000i\000n}{part.2}% 39
\BOOKMARK [1][-]{section.12.1}{\376\377\000M\000a\000t\000h\000e\000m\000a\000t\000i\000c\000a\000l\000\040\000B\000a\000c\000k\000g\000r\000o\000u\000n\000d}{chapter.12}% 40
\BOOKMARK [0][-]{chapter.13}{\376\377\000A\000n\000d\000e\000r\000s\000o\000n\000\040\000L\000o\000c\000a\000l\000i\000z\000a\000t\000i\000o\000n\000\040\000L\000y\000a\000p\000u\000n\000o\000v\000\040\000E\000x\000p\000o\000n\000e\000n\000t}{part.2}% 41
\BOOKMARK [1][-]{section.13.1}{\376\377\000M\000a\000t\000h\000e\000m\000a\000t\000i\000c\000a\000l\000\040\000B\000a\000c\000k\000g\000r\000o\000u\000n\000d}{chapter.13}% 42
\BOOKMARK [-1][-]{part.3}{\376\377\000I\000I\000I\000\040\000A\000n\000a\000l\000y\000s\000i\000s}{}% 43
\BOOKMARK [0][-]{chapter.14}{\376\377\000G\000a\000p\000\040\000R\000e\000s\000o\000l\000u\000t\000i\000o\000n\000\040\000A\000n\000a\000l\000y\000s\000i\000s}{part.3}% 44
\BOOKMARK [1][-]{section.14.1}{\376\377\000O\000v\000e\000r\000a\000l\000l\000\040\000P\000e\000r\000f\000o\000r\000m\000a\000n\000c\000e}{chapter.14}% 45
\BOOKMARK [1][-]{section.14.2}{\376\377\000T\000h\000e\000\040\000S\000o\000r\000r\000y\000-\000C\000o\000u\000n\000t\000\040\000T\000h\000r\000e\000s\000h\000o\000l\000d}{chapter.14}% 46
\BOOKMARK [1][-]{section.14.3}{\376\377\000D\000o\000m\000a\000i\000n\000\040\000P\000e\000r\000f\000o\000r\000m\000a\000n\000c\000e}{chapter.14}% 47
\BOOKMARK [0][-]{chapter.15}{\376\377\000C\000o\000s\000t\000\040\000A\000n\000a\000l\000y\000s\000i\000s}{part.3}% 48
\BOOKMARK [1][-]{section.15.1}{\376\377\000F\000u\000l\000l\000\040\000R\000u\000n\000\040\000P\000r\000o\000j\000e\000c\000t\000i\000o\000n}{chapter.15}% 49
\BOOKMARK [0][-]{chapter.16}{\376\377\000L\000e\000a\000n\000\040\0004\000\040\000V\000e\000r\000i\000f\000i\000c\000a\000t\000i\000o\000n\000\040\000a\000n\000d\000\040\000C\000e\000r\000t\000i\000f\000i\000c\000a\000t\000i\000o\000n}{part.3}% 50
\BOOKMARK [1][-]{section.16.1}{\376\377\000T\000h\000e\000\040\000Z\000e\000r\000o\000-\000S\000o\000r\000r\000y\000\040\000G\000u\000i\000l\000l\000o\000t\000i\000n\000e}{chapter.16}% 51
\BOOKMARK [1][-]{section.16.2}{\376\377\000P\000a\000t\000h\000\040\000t\000o\000\040\000V\000E\000R\000I\000F\000I\000E\000D}{chapter.16}% 52
\BOOKMARK [-1][-]{part.4}{\376\377\000I\000V\000\040\000A\000p\000p\000e\000n\000d\000i\000c\000e\000s}{}% 53
\BOOKMARK [0][-]{appendix.A}{\376\377\000T\000h\000e\000\040\000S\000o\000c\000r\000a\000t\000e\000A\000I\000\040\000A\000g\000o\000r\000a\000\040\000A\000r\000c\000h\000i\000t\000e\000c\000t\000u\000r\000e}{part.4}% 54
\BOOKMARK [0][-]{appendix.B}{\376\377\000S\000y\000m\000B\000r\000a\000i\000n\000\040\000v\0001\0008\000\040\000P\000h\000a\000s\000e\000\040\0002\000\040\000I\000m\000p\000r\000o\000v\000e\000m\000e\000n\000t\000s}{part.4}% 55
\BOOKMARK [1][-]{section.B.1}{\376\377\000H\0001\000:\000\040\000L\000e\000m\000m\000a\000\040\000D\000e\000c\000o\000m\000p\000o\000s\000i\000t\000i\000o\000n}{appendix.B}% 56
\BOOKMARK [1][-]{section.B.2}{\376\377\000H\0003\000:\000\040\000C\000r\000o\000s\000s\000-\000R\000e\000g\000i\000o\000n\000\040\000I\000n\000f\000e\000r\000e\000n\000c\000e\000\040\000S\000h\000a\000r\000d\000i\000n\000g}{appendix.B}% 57
\BOOKMARK [1][-]{section.B.3}{\376\377\000M\000e\000t\000h\000o\000d\000\040\000o\000f\000\040\000E\000x\000h\000a\000u\000s\000t\000i\000o\000n\000\040\000D\000e\000t\000a\000i\000l\000s}{appendix.B}% 58
\BOOKMARK [1][-]{section.B.4}{\376\377\000C\000o\000r\000t\000e\000x\000\040\000A\000d\000a\000p\000t\000i\000v\000i\000t\000y}{appendix.B}% 59
\BOOKMARK [0][-]{appendix.C}{\376\377\000P\000r\000o\000p\000o\000s\000a\000l\000s\000\040\000f\000o\000r\000\040\000F\000u\000t\000u\000r\000e\000\040\000I\000m\000p\000r\000o\000v\000e\000m\000e\000n\000t}{part.4}% 60
\BOOKMARK [0][-]{appendix.D}{\376\377\000I\000n\000f\000r\000a\000s\000t\000r\000u\000c\000t\000u\000r\000e\000\040\000a\000n\000d\000\040\000L\000L\000M\000\040\000D\000e\000t\000a\000i\000l\000s}{part.4}% 61
\BOOKMARK [1][-]{section.D.1}{\376\377\000G\000o\000o\000g\000l\000e\000\040\000C\000l\000o\000u\000d\000\040\000P\000l\000a\000t\000f\000o\000r\000m}{appendix.D}% 62
\BOOKMARK [1][-]{section.D.2}{\376\377\000L\000a\000r\000g\000e\000\040\000L\000a\000n\000g\000u\000a\000g\000e\000\040\000M\000o\000d\000e\000l}{appendix.D}% 63
\BOOKMARK [1][-]{section.D.3}{\376\377\000L\000e\000a\000n\000\040\0004\000\040\000T\000o\000o\000l\000c\000h\000a\000i\000n}{appendix.D}% 64
\BOOKMARK [1][-]{section.D.4}{\376\377\000A\000l\000e\000x\000a\000n\000d\000r\000i\000e\000\040\000V\000a\000u\000l\000t}{appendix.D}% 65
