\BOOKMARK [1][-]{section.1}{\376\377\000I\000n\000t\000r\000o\000d\000u\000c\000t\000i\000o\000n}{}% 1
\BOOKMARK [1][-]{section.2}{\376\377\000T\000h\000e\000\040\000B\000o\000r\000d\000e\000r\000\040\000R\000a\000n\000k\000\040\000C\000o\000n\000j\000e\000c\000t\000u\000r\000e}{}% 2
\BOOKMARK [2][-]{subsection.2.1}{\376\377\000B\000a\000c\000k\000g\000r\000o\000u\000n\000d\000:\000\040\000b\000o\000r\000d\000e\000r\000\040\000r\000a\000n\000k\000\040\000a\000n\000d\000\040\000t\000h\000e\000\040\000-\000t\000h\000e\000o\000r\000e\000m}{section.2}% 3
\BOOKMARK [2][-]{subsection.2.2}{\376\377\000S\000t\000a\000t\000e\000m\000e\000n\000t\000\040\000o\000f\000\040\000t\000h\000e\000\040\000c\000o\000n\000j\000e\000c\000t\000u\000r\000e}{section.2}% 4
\BOOKMARK [2][-]{subsection.2.3}{\376\377\000K\000n\000o\000w\000n\000\040\000t\000e\000n\000s\000o\000r\000\040\000r\000a\000n\000k\000s\000\040\000f\000o\000r\000\040\000s\000m\000a\000l\000l\000\040\000N}{section.2}% 5
\BOOKMARK [2][-]{subsection.2.4}{\376\377\000R\000a\000n\000k\000\040\000v\000s\000.\000\040\000b\000o\000r\000d\000e\000r\000\040\000r\000a\000n\000k\000:\000\040\000a\000\040\000c\000r\000i\000t\000i\000c\000a\000l\000\040\000d\000i\000s\000t\000i\000n\000c\000t\000i\000o\000n}{section.2}% 6
\BOOKMARK [1][-]{section.3}{\376\377\000N\000o\000n\000-\000C\000o\000m\000m\000u\000t\000a\000t\000i\000v\000e\000\040\000C\000h\000a\000r\000g\000i\000n\000g\000\040\000A\000l\000g\000e\000b\000r\000a}{}% 7
\BOOKMARK [2][-]{subsection.3.1}{\376\377\000D\000e\000f\000i\000n\000i\000t\000i\000o\000n}{section.3}% 8
\BOOKMARK [2][-]{subsection.3.2}{\376\377\000V\000e\000r\000i\000f\000i\000e\000d\000\040\000p\000r\000o\000p\000e\000r\000t\000i\000e\000s}{section.3}% 9
\BOOKMARK [2][-]{subsection.3.3}{\376\377\000T\000h\000e\000\040\000c\000h\000a\000r\000g\000i\000n\000g\000\040\000m\000a\000p}{section.3}% 10
\BOOKMARK [2][-]{subsection.3.4}{\376\377\000C\000o\000n\000n\000e\000c\000t\000i\000o\000n\000\040\000t\000o\000\040\000q\000u\000a\000t\000e\000r\000n\000i\000o\000n\000s\000\040\000a\000n\000d\000\040\000C\000l\000i\000f\000f\000o\000r\000d\000\040\000a\000l\000g\000e\000b\000r\000a\000s}{section.3}% 11
\BOOKMARK [1][-]{section.4}{\376\377\000T\000e\000n\000s\000o\000r\000\040\000D\000e\000c\000o\000m\000p\000o\000s\000i\000t\000i\000o\000n\000\040\000S\000c\000a\000f\000f\000o\000l\000d}{}% 12
\BOOKMARK [2][-]{subsection.4.1}{\376\377\000T\000h\000e\000\040\000H\000o\000l\000o\000N\000o\000d\000e\000\040\000d\000a\000t\000a\000\040\000s\000t\000r\000u\000c\000t\000u\000r\000e}{section.4}% 13
\BOOKMARK [2][-]{subsection.4.2}{\376\377\000C\000u\000r\000r\000e\000n\000t\000\040\000s\000t\000a\000t\000u\000s\000:\000\040\0002\000\040\000o\000f\000\040\0002\0006\000\040\000n\000o\000d\000e\000s}{section.4}% 14
\BOOKMARK [2][-]{subsection.4.3}{\376\377\000C\000o\000m\000p\000a\000r\000i\000s\000o\000n\000\040\000w\000i\000t\000h\000\040\000A\000l\000p\000h\000a\000E\000v\000o\000l\000v\000e}{section.4}% 15
\BOOKMARK [2][-]{subsection.4.4}{\376\377\000C\000o\000m\000p\000u\000t\000a\000t\000i\000o\000n\000a\000l\000\040\000s\000e\000a\000r\000c\000h\000\040\000e\000x\000p\000e\000r\000i\000m\000e\000n\000t\000s}{section.4}% 16
\BOOKMARK [1][-]{section.5}{\376\377\000S\000e\000l\000f\000-\000A\000v\000o\000i\000d\000i\000n\000g\000\040\000W\000a\000l\000k\000s\000\040\040\024\000\040\000A\000x\000i\000o\000m\000\040\000D\000e\000c\000o\000m\000p\000o\000s\000i\000t\000i\000o\000n}{}% 17
\BOOKMARK [2][-]{subsection.5.1}{\376\377\000B\000a\000c\000k\000g\000r\000o\000u\000n\000d}{section.5}% 18
\BOOKMARK [2][-]{subsection.5.2}{\376\377\000T\000h\000e\000\040\000l\000a\000c\000e\000\040\000e\000x\000p\000a\000n\000s\000i\000o\000n\000\040\000a\000x\000i\000o\000m\000\040\000d\000e\000c\000o\000m\000p\000o\000s\000i\000t\000i\000o\000n}{section.5}% 19
\BOOKMARK [2][-]{subsection.5.3}{\376\377\000S\000y\000n\000t\000h\000e\000s\000i\000s\000:\000\040\000f\000r\000o\000m\000\040\000s\000u\000b\000-\000a\000x\000i\000o\000m\000s\000\040\000t\000o\000\040\000t\000h\000e\000\040\000m\000o\000n\000o\000l\000i\000t\000h\000i\000c\000\040\000b\000o\000u\000n\000d}{section.5}% 20
\BOOKMARK [2][-]{subsection.5.4}{\376\377\000T\000h\000e\000\040\000c\000r\000i\000t\000i\000c\000a\000l\000\040\000e\000x\000p\000o\000n\000e\000n\000t\000\040\0003}{section.5}% 21
\BOOKMARK [1][-]{section.6}{\376\377\000O\000p\000e\000n\000\040\000P\000r\000o\000b\000l\000e\000m\000s}{}% 22
\BOOKMARK [1][-]{section.7}{\376\377\000C\000o\000n\000c\000l\000u\000s\000i\000o\000n}{}% 23
